This is pdfTeX, Version 3.14159265-2.6-1.40.18 (TeX Live 2017/Debian) (preloaded format=latex 2019.5.25)  25 MAY 2019 13:51
entering extended mode
 restricted \write18 enabled.
 %&-line parsing enabled.
**thesis-ekf.ins
(./thesis-ekf.ins
LaTeX2e <2017-04-15>
Babel <3.18> and hyphenation patterns for 3 language(s) loaded.
(/usr/share/texlive/texmf-dist/tex/latex/base/docstrip.tex
\blockLevel=\count79
\emptyLines=\count80
\processedLines=\count81
\commentsRemoved=\count82
\commentsPassed=\count83
\codeLinesPassed=\count84
\TotalprocessedLines=\count85
\TotalcommentsRemoved=\count86
\TotalcommentsPassed=\count87
\TotalcodeLinesPassed=\count88
\NumberOfFiles=\count89
\inFile=\read1
\inputcheck=\read2
\off@0=\count90
\off@1=\count91
\off@2=\count92
\off@3=\count93
\off@4=\count94
\off@5=\count95
\off@6=\count96
\off@7=\count97
\off@8=\count98
\off@9=\count99
\off@10=\count100
\off@11=\count101
\off@12=\count102
\off@13=\count103
\off@14=\count104
\off@15=\count105
\@maxfiles=\count106
\@maxoutfiles=\count107

Utility: `docstrip' 2.5e <2014/09/29>
English documentation    <2017/03/13>

**********************************************************
* This program converts documented macro-files into fast *
* loadable files by stripping off (nearly) all comments! *
**********************************************************

********************************************************
* No Configuration file found, using default settings. *
********************************************************

)

Generating file(s) ./thesis-ekf.cls 
\openout0 = `./thesis-ekf.cls'.


Processing file ./thesis-ekf.dtx (class) -> thesis-ekf.cls
File ./thesis-ekf.dtx ended by \endinput.
Lines  processed: 574
Comments removed: 295
Comments  passed: 0
Codelines passed: 272

*********************************************************
*
* To finish the installation you have to move the
* following file into a directory searched by TeX:
*
*   thesis-ekf.cls
*
* To produce the documentation run the file thesis-ekf.dtx
* through LaTeX.
*
* Happy TeXing!
*********************************************************
 ) 
Here is how much of TeX's memory you used:
 310 strings out of 494924
 3185 string characters out of 6180768
 54116 words of memory out of 5000000
 3720 multiletter control sequences out of 15000+600000
 3640 words of font info for 14 fonts, out of 8000000 for 9000
 14 hyphenation exceptions out of 8191
 11i,0n,15p,519b,118s stack positions out of 5000i,500n,10000p,200000b,80000s

No pages of output.
